<?xml version="1.0" encoding="UTF-8"?>
<!-- Generated by org.testng.reporters.JUnitReportReporter -->
<testsuite skipped="0" hostname="tangw79" name="testNG.Loans" tests="3" failures="0" timestamp="15 Jun 2018 17:55:27 GMT" time="0.031" errors="0">
  <testcase name="MobileLoan" time="0.004" classname="testNG.Loans"/>
  <testcase name="APILoan" time="0.012" classname="testNG.Loans"/>
  <testcase name="WebLoan" time="0.015" classname="testNG.Loans"/>
</testsuite> <!-- testNG.Loans -->
