<?xml version="1.0" encoding="UTF-8"?>
<!-- Generated by org.testng.reporters.JUnitReportReporter -->
<testsuite skipped="0" hostname="tangw79" name="testNG.BankSystem" tests="1" failures="0" timestamp="15 Jun 2018 17:55:27 GMT" time="0.006" errors="0">
  <testcase name="customerLogin" time="0.006" classname="testNG.BankSystem"/>
</testsuite> <!-- testNG.BankSystem -->
