<?xml version="1.0" encoding="UTF-8"?>
<!-- Generated by org.testng.reporters.JUnitReportReporter -->
<testsuite skipped="0" hostname="tangw79" name="testNG.BasicTestNGSample" tests="1" failures="0" timestamp="15 Jun 2018 17:55:27 GMT" time="0.037" errors="0">
  <testcase name="Demo" time="0.037" classname="testNG.BasicTestNGSample"/>
</testsuite> <!-- testNG.BasicTestNGSample -->
